{"C:\\Users\\User\\Desktop\\ES-DanielGuisado\\ProyectoNotas\\src\\controllers\\notasController.js": {"path":"C:\\Users\\User\\Desktop\\ES-DanielGuisado\\ProyectoNotas\\src\\controllers\\notasController.js","statementMap":{"0":{"start":{"line":9,"column":18},"end":{"line":9,"column":42}},"1":{"start":{"line":12,"column":17},"end":{"line":12,"column":52}},"2":{"start":{"line":15,"column":16},"end":{"line":22,"column":2}},"3":{"start":{"line":17,"column":4},"end":{"line":17,"column":23}},"4":{"start":{"line":20,"column":4},"end":{"line":20,"column":32}},"5":{"start":{"line":24,"column":15},"end":{"line":32,"column":2}},"6":{"start":{"line":27,"column":4},"end":{"line":29,"column":5}},"7":{"start":{"line":28,"column":6},"end":{"line":28,"column":69}},"8":{"start":{"line":30,"column":4},"end":{"line":30,"column":19}},"9":{"start":{"line":35,"column":24},"end":{"line":81,"column":1}},"10":{"start":{"line":36,"column":2},"end":{"line":80,"column":5}},"11":{"start":{"line":37,"column":4},"end":{"line":40,"column":5}},"12":{"start":{"line":38,"column":6},"end":{"line":38,"column":54}},"13":{"start":{"line":39,"column":6},"end":{"line":39,"column":23}},"14":{"start":{"line":41,"column":18},"end":{"line":41,"column":101}},"15":{"start":{"line":41,"column":39},"end":{"line":41,"column":61}},"16":{"start":{"line":41,"column":75},"end":{"line":41,"column":100}},"17":{"start":{"line":44,"column":23},"end":{"line":44,"column":32}},"18":{"start":{"line":45,"column":24},"end":{"line":45,"column":29}},"19":{"start":{"line":48,"column":4},"end":{"line":50,"column":5}},"20":{"start":{"line":49,"column":6},"end":{"line":49,"column":80}},"21":{"start":{"line":49,"column":51},"end":{"line":49,"column":78}},"22":{"start":{"line":53,"column":4},"end":{"line":63,"column":5}},"23":{"start":{"line":54,"column":37},"end":{"line":54,"column":53}},"24":{"start":{"line":55,"column":20},"end":{"line":55,"column":39}},"25":{"start":{"line":56,"column":18},"end":{"line":56,"column":35}},"26":{"start":{"line":58,"column":6},"end":{"line":62,"column":9}},"27":{"start":{"line":59,"column":22},"end":{"line":59,"column":70}},"28":{"start":{"line":60,"column":29},"end":{"line":60,"column":54}},"29":{"start":{"line":61,"column":8},"end":{"line":61,"column":60}},"30":{"start":{"line":66,"column":21},"end":{"line":66,"column":55}},"31":{"start":{"line":67,"column":23},"end":{"line":67,"column":43}},"32":{"start":{"line":68,"column":23},"end":{"line":68,"column":55}},"33":{"start":{"line":69,"column":17},"end":{"line":69,"column":46}},"34":{"start":{"line":71,"column":27},"end":{"line":71,"column":86}},"35":{"start":{"line":73,"column":4},"end":{"line":79,"column":7}},"36":{"start":{"line":84,"column":26},"end":{"line":102,"column":1}},"37":{"start":{"line":86,"column":15},"end":{"line":86,"column":30}},"38":{"start":{"line":88,"column":18},"end":{"line":88,"column":34}},"39":{"start":{"line":90,"column":2},"end":{"line":92,"column":3}},"40":{"start":{"line":91,"column":4},"end":{"line":91,"column":80}},"41":{"start":{"line":94,"column":19},"end":{"line":94,"column":54}},"42":{"start":{"line":95,"column":2},"end":{"line":101,"column":5}},"43":{"start":{"line":96,"column":4},"end":{"line":99,"column":5}},"44":{"start":{"line":97,"column":6},"end":{"line":97,"column":55}},"45":{"start":{"line":98,"column":6},"end":{"line":98,"column":23}},"46":{"start":{"line":100,"column":4},"end":{"line":100,"column":63}},"47":{"start":{"line":105,"column":27},"end":{"line":180,"column":3}},"48":{"start":{"line":106,"column":22},"end":{"line":106,"column":42}},"49":{"start":{"line":117,"column":8},"end":{"line":117,"column":13}},"50":{"start":{"line":119,"column":16},"end":{"line":130,"column":8}},"51":{"start":{"line":120,"column":22},"end":{"line":120,"column":44}},"52":{"start":{"line":122,"column":25},"end":{"line":122,"column":52}},"53":{"start":{"line":123,"column":25},"end":{"line":123,"column":46}},"54":{"start":{"line":124,"column":24},"end":{"line":124,"column":57}},"55":{"start":{"line":125,"column":8},"end":{"line":129,"column":10}},"56":{"start":{"line":133,"column":4},"end":{"line":135,"column":5}},"57":{"start":{"line":134,"column":6},"end":{"line":134,"column":99}},"58":{"start":{"line":134,"column":35},"end":{"line":134,"column":97}},"59":{"start":{"line":138,"column":4},"end":{"line":140,"column":5}},"60":{"start":{"line":139,"column":6},"end":{"line":139,"column":105}},"61":{"start":{"line":139,"column":35},"end":{"line":139,"column":103}},"62":{"start":{"line":143,"column":4},"end":{"line":150,"column":5}},"63":{"start":{"line":144,"column":21},"end":{"line":144,"column":70}},"64":{"start":{"line":145,"column":18},"end":{"line":145,"column":60}},"65":{"start":{"line":146,"column":6},"end":{"line":149,"column":9}},"66":{"start":{"line":147,"column":22},"end":{"line":147,"column":48}},"67":{"start":{"line":148,"column":8},"end":{"line":148,"column":47}},"68":{"start":{"line":153,"column":4},"end":{"line":165,"column":7}},"69":{"start":{"line":154,"column":23},"end":{"line":154,"column":24}},"70":{"start":{"line":155,"column":6},"end":{"line":163,"column":7}},"71":{"start":{"line":156,"column":8},"end":{"line":156,"column":54}},"72":{"start":{"line":157,"column":13},"end":{"line":163,"column":7}},"73":{"start":{"line":158,"column":8},"end":{"line":158,"column":63}},"74":{"start":{"line":159,"column":13},"end":{"line":163,"column":7}},"75":{"start":{"line":160,"column":8},"end":{"line":160,"column":65}},"76":{"start":{"line":161,"column":13},"end":{"line":163,"column":7}},"77":{"start":{"line":162,"column":8},"end":{"line":162,"column":37}},"78":{"start":{"line":164,"column":6},"end":{"line":164,"column":56}},"79":{"start":{"line":168,"column":27},"end":{"line":168,"column":39}},"80":{"start":{"line":169,"column":25},"end":{"line":169,"column":71}},"81":{"start":{"line":170,"column":25},"end":{"line":170,"column":82}},"82":{"start":{"line":171,"column":19},"end":{"line":171,"column":58}},"83":{"start":{"line":172,"column":27},"end":{"line":172,"column":89}},"84":{"start":{"line":174,"column":4},"end":{"line":179,"column":7}},"85":{"start":{"line":184,"column":26},"end":{"line":207,"column":1}},"86":{"start":{"line":185,"column":15},"end":{"line":185,"column":30}},"87":{"start":{"line":186,"column":18},"end":{"line":186,"column":34}},"88":{"start":{"line":188,"column":2},"end":{"line":190,"column":3}},"89":{"start":{"line":189,"column":4},"end":{"line":189,"column":69}},"90":{"start":{"line":192,"column":19},"end":{"line":192,"column":54}},"91":{"start":{"line":193,"column":2},"end":{"line":205,"column":5}},"92":{"start":{"line":194,"column":4},"end":{"line":197,"column":5}},"93":{"start":{"line":195,"column":6},"end":{"line":195,"column":67}},"94":{"start":{"line":198,"column":26},"end":{"line":198,"column":47}},"95":{"start":{"line":199,"column":4},"end":{"line":204,"column":7}},"96":{"start":{"line":200,"column":6},"end":{"line":202,"column":7}},"97":{"start":{"line":201,"column":8},"end":{"line":201,"column":78}},"98":{"start":{"line":203,"column":6},"end":{"line":203,"column":70}},"99":{"start":{"line":212,"column":26},"end":{"line":220,"column":1}},"100":{"start":{"line":213,"column":19},"end":{"line":213,"column":29}},"101":{"start":{"line":214,"column":19},"end":{"line":214,"column":54}},"102":{"start":{"line":216,"column":2},"end":{"line":219,"column":5}},"103":{"start":{"line":217,"column":4},"end":{"line":217,"column":30}},"104":{"start":{"line":217,"column":13},"end":{"line":217,"column":30}},"105":{"start":{"line":218,"column":4},"end":{"line":218,"column":54}},"106":{"start":{"line":223,"column":27},"end":{"line":241,"column":1}},"107":{"start":{"line":224,"column":16},"end":{"line":224,"column":25}},"108":{"start":{"line":225,"column":2},"end":{"line":227,"column":3}},"109":{"start":{"line":226,"column":4},"end":{"line":226,"column":72}},"110":{"start":{"line":230,"column":2},"end":{"line":235,"column":5}},"111":{"start":{"line":231,"column":21},"end":{"line":231,"column":59}},"112":{"start":{"line":232,"column":4},"end":{"line":234,"column":5}},"113":{"start":{"line":233,"column":6},"end":{"line":233,"column":90}},"114":{"start":{"line":237,"column":2},"end":{"line":240,"column":5}},"115":{"start":{"line":239,"column":29},"end":{"line":239,"column":46}},"116":{"start":{"line":244,"column":27},"end":{"line":291,"column":1}},"117":{"start":{"line":245,"column":51},"end":{"line":245,"column":60}},"118":{"start":{"line":246,"column":16},"end":{"line":246,"column":53}},"119":{"start":{"line":248,"column":2},"end":{"line":250,"column":3}},"120":{"start":{"line":249,"column":4},"end":{"line":249,"column":89}},"121":{"start":{"line":253,"column":22},"end":{"line":253,"column":27}},"122":{"start":{"line":256,"column":2},"end":{"line":258,"column":3}},"123":{"start":{"line":257,"column":4},"end":{"line":257,"column":71}},"124":{"start":{"line":257,"column":49},"end":{"line":257,"column":69}},"125":{"start":{"line":261,"column":2},"end":{"line":270,"column":3}},"126":{"start":{"line":262,"column":18},"end":{"line":262,"column":37}},"127":{"start":{"line":263,"column":16},"end":{"line":263,"column":33}},"128":{"start":{"line":265,"column":4},"end":{"line":269,"column":7}},"129":{"start":{"line":266,"column":20},"end":{"line":266,"column":68}},"130":{"start":{"line":267,"column":27},"end":{"line":267,"column":52}},"131":{"start":{"line":268,"column":6},"end":{"line":268,"column":88}},"132":{"start":{"line":273,"column":20},"end":{"line":273,"column":82}},"133":{"start":{"line":273,"column":46},"end":{"line":273,"column":81}},"134":{"start":{"line":274,"column":27},"end":{"line":274,"column":81}},"135":{"start":{"line":274,"column":56},"end":{"line":274,"column":80}},"136":{"start":{"line":276,"column":2},"end":{"line":278,"column":3}},"137":{"start":{"line":277,"column":4},"end":{"line":277,"column":102}},"138":{"start":{"line":281,"column":18},"end":{"line":281,"column":57}},"139":{"start":{"line":282,"column":2},"end":{"line":282,"column":30}},"140":{"start":{"line":284,"column":2},"end":{"line":284,"column":20}},"141":{"start":{"line":286,"column":2},"end":{"line":288,"column":5}},"142":{"start":{"line":287,"column":4},"end":{"line":287,"column":62}},"143":{"start":{"line":290,"column":2},"end":{"line":290,"column":21}}},"fnMap":{"0":{"name":"(anonymous_0)","decl":{"start":{"line":16,"column":15},"end":{"line":16,"column":16}},"loc":{"start":{"line":16,"column":34},"end":{"line":18,"column":3}},"line":16},"1":{"name":"(anonymous_1)","decl":{"start":{"line":19,"column":12},"end":{"line":19,"column":13}},"loc":{"start":{"line":19,"column":31},"end":{"line":21,"column":3}},"line":19},"2":{"name":"(anonymous_2)","decl":{"start":{"line":26,"column":14},"end":{"line":26,"column":15}},"loc":{"start":{"line":26,"column":33},"end":{"line":31,"column":3}},"line":26},"3":{"name":"(anonymous_3)","decl":{"start":{"line":35,"column":24},"end":{"line":35,"column":25}},"loc":{"start":{"line":35,"column":44},"end":{"line":81,"column":1}},"line":35},"4":{"name":"(anonymous_4)","decl":{"start":{"line":36,"column":23},"end":{"line":36,"column":24}},"loc":{"start":{"line":36,"column":39},"end":{"line":80,"column":3}},"line":36},"5":{"name":"(anonymous_5)","decl":{"start":{"line":41,"column":31},"end":{"line":41,"column":32}},"loc":{"start":{"line":41,"column":39},"end":{"line":41,"column":61}},"line":41},"6":{"name":"(anonymous_6)","decl":{"start":{"line":41,"column":67},"end":{"line":41,"column":68}},"loc":{"start":{"line":41,"column":75},"end":{"line":41,"column":100}},"line":41},"7":{"name":"(anonymous_7)","decl":{"start":{"line":49,"column":43},"end":{"line":49,"column":44}},"loc":{"start":{"line":49,"column":51},"end":{"line":49,"column":78}},"line":49},"8":{"name":"(anonymous_8)","decl":{"start":{"line":58,"column":43},"end":{"line":58,"column":44}},"loc":{"start":{"line":58,"column":51},"end":{"line":62,"column":7}},"line":58},"9":{"name":"(anonymous_9)","decl":{"start":{"line":84,"column":26},"end":{"line":84,"column":27}},"loc":{"start":{"line":84,"column":40},"end":{"line":102,"column":1}},"line":84},"10":{"name":"(anonymous_10)","decl":{"start":{"line":95,"column":34},"end":{"line":95,"column":35}},"loc":{"start":{"line":95,"column":41},"end":{"line":101,"column":3}},"line":95},"11":{"name":"(anonymous_11)","decl":{"start":{"line":105,"column":27},"end":{"line":105,"column":28}},"loc":{"start":{"line":105,"column":41},"end":{"line":180,"column":3}},"line":105},"12":{"name":"(anonymous_12)","decl":{"start":{"line":120,"column":14},"end":{"line":120,"column":15}},"loc":{"start":{"line":120,"column":22},"end":{"line":120,"column":44}},"line":120},"13":{"name":"(anonymous_13)","decl":{"start":{"line":121,"column":11},"end":{"line":121,"column":12}},"loc":{"start":{"line":121,"column":19},"end":{"line":130,"column":7}},"line":121},"14":{"name":"(anonymous_14)","decl":{"start":{"line":134,"column":27},"end":{"line":134,"column":28}},"loc":{"start":{"line":134,"column":35},"end":{"line":134,"column":97}},"line":134},"15":{"name":"(anonymous_15)","decl":{"start":{"line":139,"column":27},"end":{"line":139,"column":28}},"loc":{"start":{"line":139,"column":35},"end":{"line":139,"column":103}},"line":139},"16":{"name":"(anonymous_16)","decl":{"start":{"line":146,"column":27},"end":{"line":146,"column":28}},"loc":{"start":{"line":146,"column":35},"end":{"line":149,"column":7}},"line":146},"17":{"name":"(anonymous_17)","decl":{"start":{"line":153,"column":15},"end":{"line":153,"column":16}},"loc":{"start":{"line":153,"column":25},"end":{"line":165,"column":5}},"line":153},"18":{"name":"(anonymous_18)","decl":{"start":{"line":184,"column":26},"end":{"line":184,"column":27}},"loc":{"start":{"line":184,"column":40},"end":{"line":207,"column":1}},"line":184},"19":{"name":"(anonymous_19)","decl":{"start":{"line":193,"column":32},"end":{"line":193,"column":33}},"loc":{"start":{"line":193,"column":47},"end":{"line":205,"column":3}},"line":193},"20":{"name":"(anonymous_20)","decl":{"start":{"line":199,"column":42},"end":{"line":199,"column":43}},"loc":{"start":{"line":199,"column":51},"end":{"line":204,"column":5}},"line":199},"21":{"name":"(anonymous_21)","decl":{"start":{"line":212,"column":26},"end":{"line":212,"column":27}},"loc":{"start":{"line":212,"column":46},"end":{"line":220,"column":1}},"line":212},"22":{"name":"(anonymous_22)","decl":{"start":{"line":216,"column":22},"end":{"line":216,"column":23}},"loc":{"start":{"line":216,"column":29},"end":{"line":219,"column":3}},"line":216},"23":{"name":"(anonymous_23)","decl":{"start":{"line":223,"column":27},"end":{"line":223,"column":28}},"loc":{"start":{"line":223,"column":47},"end":{"line":241,"column":1}},"line":223},"24":{"name":"(anonymous_24)","decl":{"start":{"line":230,"column":16},"end":{"line":230,"column":17}},"loc":{"start":{"line":230,"column":24},"end":{"line":235,"column":3}},"line":230},"25":{"name":"(anonymous_25)","decl":{"start":{"line":239,"column":21},"end":{"line":239,"column":22}},"loc":{"start":{"line":239,"column":29},"end":{"line":239,"column":46}},"line":239},"26":{"name":"(anonymous_26)","decl":{"start":{"line":244,"column":27},"end":{"line":244,"column":28}},"loc":{"start":{"line":244,"column":47},"end":{"line":291,"column":1}},"line":244},"27":{"name":"(anonymous_27)","decl":{"start":{"line":257,"column":41},"end":{"line":257,"column":42}},"loc":{"start":{"line":257,"column":49},"end":{"line":257,"column":69}},"line":257},"28":{"name":"(anonymous_28)","decl":{"start":{"line":265,"column":41},"end":{"line":265,"column":42}},"loc":{"start":{"line":265,"column":49},"end":{"line":269,"column":5}},"line":265},"29":{"name":"(anonymous_29)","decl":{"start":{"line":273,"column":38},"end":{"line":273,"column":39}},"loc":{"start":{"line":273,"column":46},"end":{"line":273,"column":81}},"line":273},"30":{"name":"(anonymous_30)","decl":{"start":{"line":274,"column":44},"end":{"line":274,"column":45}},"loc":{"start":{"line":274,"column":56},"end":{"line":274,"column":80}},"line":274},"31":{"name":"(anonymous_31)","decl":{"start":{"line":286,"column":20},"end":{"line":286,"column":21}},"loc":{"start":{"line":286,"column":32},"end":{"line":288,"column":3}},"line":286}},"branchMap":{"0":{"loc":{"start":{"line":27,"column":4},"end":{"line":29,"column":5}},"type":"if","locations":[{"start":{"line":27,"column":4},"end":{"line":29,"column":5}},{"start":{},"end":{}}],"line":27},"1":{"loc":{"start":{"line":37,"column":4},"end":{"line":40,"column":5}},"type":"if","locations":[{"start":{"line":37,"column":4},"end":{"line":40,"column":5}},{"start":{},"end":{}}],"line":37},"2":{"loc":{"start":{"line":48,"column":4},"end":{"line":50,"column":5}},"type":"if","locations":[{"start":{"line":48,"column":4},"end":{"line":50,"column":5}},{"start":{},"end":{}}],"line":48},"3":{"loc":{"start":{"line":48,"column":8},"end":{"line":48,"column":30}},"type":"binary-expr","locations":[{"start":{"line":48,"column":8},"end":{"line":48,"column":14}},{"start":{"line":48,"column":18},"end":{"line":48,"column":30}}],"line":48},"4":{"loc":{"start":{"line":53,"column":4},"end":{"line":63,"column":5}},"type":"if","locations":[{"start":{"line":53,"column":4},"end":{"line":63,"column":5}},{"start":{},"end":{}}],"line":53},"5":{"loc":{"start":{"line":53,"column":8},"end":{"line":53,"column":34}},"type":"binary-expr","locations":[{"start":{"line":53,"column":8},"end":{"line":53,"column":14}},{"start":{"line":53,"column":18},"end":{"line":53,"column":34}}],"line":53},"6":{"loc":{"start":{"line":61,"column":15},"end":{"line":61,"column":59}},"type":"binary-expr","locations":[{"start":{"line":61,"column":15},"end":{"line":61,"column":36}},{"start":{"line":61,"column":40},"end":{"line":61,"column":59}}],"line":61},"7":{"loc":{"start":{"line":66,"column":21},"end":{"line":66,"column":55}},"type":"binary-expr","locations":[{"start":{"line":66,"column":21},"end":{"line":66,"column":49}},{"start":{"line":66,"column":53},"end":{"line":66,"column":55}}],"line":66},"8":{"loc":{"start":{"line":69,"column":17},"end":{"line":69,"column":46}},"type":"binary-expr","locations":[{"start":{"line":69,"column":17},"end":{"line":69,"column":41}},{"start":{"line":69,"column":45},"end":{"line":69,"column":46}}],"line":69},"9":{"loc":{"start":{"line":90,"column":2},"end":{"line":92,"column":3}},"type":"if","locations":[{"start":{"line":90,"column":2},"end":{"line":92,"column":3}},{"start":{},"end":{}}],"line":90},"10":{"loc":{"start":{"line":90,"column":6},"end":{"line":90,"column":23}},"type":"binary-expr","locations":[{"start":{"line":90,"column":6},"end":{"line":90,"column":11}},{"start":{"line":90,"column":15},"end":{"line":90,"column":23}}],"line":90},"11":{"loc":{"start":{"line":96,"column":4},"end":{"line":99,"column":5}},"type":"if","locations":[{"start":{"line":96,"column":4},"end":{"line":99,"column":5}},{"start":{},"end":{}}],"line":96},"12":{"loc":{"start":{"line":108,"column":6},"end":{"line":108,"column":27}},"type":"default-arg","locations":[{"start":{"line":108,"column":19},"end":{"line":108,"column":27}}],"line":108},"13":{"loc":{"start":{"line":109,"column":6},"end":{"line":109,"column":19}},"type":"default-arg","locations":[{"start":{"line":109,"column":14},"end":{"line":109,"column":19}}],"line":109},"14":{"loc":{"start":{"line":110,"column":6},"end":{"line":110,"column":23}},"type":"default-arg","locations":[{"start":{"line":110,"column":21},"end":{"line":110,"column":23}}],"line":110},"15":{"loc":{"start":{"line":111,"column":6},"end":{"line":111,"column":26}},"type":"default-arg","locations":[{"start":{"line":111,"column":24},"end":{"line":111,"column":26}}],"line":111},"16":{"loc":{"start":{"line":114,"column":6},"end":{"line":114,"column":28}},"type":"default-arg","locations":[{"start":{"line":114,"column":19},"end":{"line":114,"column":28}}],"line":114},"17":{"loc":{"start":{"line":115,"column":6},"end":{"line":115,"column":16}},"type":"default-arg","locations":[{"start":{"line":115,"column":15},"end":{"line":115,"column":16}}],"line":115},"18":{"loc":{"start":{"line":116,"column":6},"end":{"line":116,"column":29}},"type":"default-arg","locations":[{"start":{"line":116,"column":27},"end":{"line":116,"column":29}}],"line":116},"19":{"loc":{"start":{"line":133,"column":4},"end":{"line":135,"column":5}},"type":"if","locations":[{"start":{"line":133,"column":4},"end":{"line":135,"column":5}},{"start":{},"end":{}}],"line":133},"20":{"loc":{"start":{"line":138,"column":4},"end":{"line":140,"column":5}},"type":"if","locations":[{"start":{"line":138,"column":4},"end":{"line":140,"column":5}},{"start":{},"end":{}}],"line":138},"21":{"loc":{"start":{"line":143,"column":4},"end":{"line":150,"column":5}},"type":"if","locations":[{"start":{"line":143,"column":4},"end":{"line":150,"column":5}},{"start":{},"end":{}}],"line":143},"22":{"loc":{"start":{"line":143,"column":8},"end":{"line":143,"column":31}},"type":"binary-expr","locations":[{"start":{"line":143,"column":8},"end":{"line":143,"column":19}},{"start":{"line":143,"column":23},"end":{"line":143,"column":31}}],"line":143},"23":{"loc":{"start":{"line":144,"column":21},"end":{"line":144,"column":70}},"type":"cond-expr","locations":[{"start":{"line":144,"column":35},"end":{"line":144,"column":56}},{"start":{"line":144,"column":59},"end":{"line":144,"column":70}}],"line":144},"24":{"loc":{"start":{"line":145,"column":18},"end":{"line":145,"column":60}},"type":"cond-expr","locations":[{"start":{"line":145,"column":29},"end":{"line":145,"column":47}},{"start":{"line":145,"column":50},"end":{"line":145,"column":60}}],"line":145},"25":{"loc":{"start":{"line":148,"column":15},"end":{"line":148,"column":46}},"type":"binary-expr","locations":[{"start":{"line":148,"column":15},"end":{"line":148,"column":30}},{"start":{"line":148,"column":34},"end":{"line":148,"column":46}}],"line":148},"26":{"loc":{"start":{"line":155,"column":6},"end":{"line":163,"column":7}},"type":"if","locations":[{"start":{"line":155,"column":6},"end":{"line":163,"column":7}},{"start":{"line":157,"column":13},"end":{"line":163,"column":7}}],"line":155},"27":{"loc":{"start":{"line":157,"column":13},"end":{"line":163,"column":7}},"type":"if","locations":[{"start":{"line":157,"column":13},"end":{"line":163,"column":7}},{"start":{"line":159,"column":13},"end":{"line":163,"column":7}}],"line":157},"28":{"loc":{"start":{"line":159,"column":13},"end":{"line":163,"column":7}},"type":"if","locations":[{"start":{"line":159,"column":13},"end":{"line":163,"column":7}},{"start":{"line":161,"column":13},"end":{"line":163,"column":7}}],"line":159},"29":{"loc":{"start":{"line":161,"column":13},"end":{"line":163,"column":7}},"type":"if","locations":[{"start":{"line":161,"column":13},"end":{"line":163,"column":7}},{"start":{},"end":{}}],"line":161},"30":{"loc":{"start":{"line":164,"column":13},"end":{"line":164,"column":55}},"type":"cond-expr","locations":[{"start":{"line":164,"column":31},"end":{"line":164,"column":41}},{"start":{"line":164,"column":44},"end":{"line":164,"column":55}}],"line":164},"31":{"loc":{"start":{"line":188,"column":2},"end":{"line":190,"column":3}},"type":"if","locations":[{"start":{"line":188,"column":2},"end":{"line":190,"column":3}},{"start":{},"end":{}}],"line":188},"32":{"loc":{"start":{"line":194,"column":4},"end":{"line":197,"column":5}},"type":"if","locations":[{"start":{"line":194,"column":4},"end":{"line":197,"column":5}},{"start":{},"end":{}}],"line":194},"33":{"loc":{"start":{"line":200,"column":6},"end":{"line":202,"column":7}},"type":"if","locations":[{"start":{"line":200,"column":6},"end":{"line":202,"column":7}},{"start":{},"end":{}}],"line":200},"34":{"loc":{"start":{"line":217,"column":4},"end":{"line":217,"column":30}},"type":"if","locations":[{"start":{"line":217,"column":4},"end":{"line":217,"column":30}},{"start":{},"end":{}}],"line":217},"35":{"loc":{"start":{"line":225,"column":2},"end":{"line":227,"column":3}},"type":"if","locations":[{"start":{"line":225,"column":2},"end":{"line":227,"column":3}},{"start":{},"end":{}}],"line":225},"36":{"loc":{"start":{"line":225,"column":6},"end":{"line":225,"column":34}},"type":"binary-expr","locations":[{"start":{"line":225,"column":6},"end":{"line":225,"column":12}},{"start":{"line":225,"column":16},"end":{"line":225,"column":34}}],"line":225},"37":{"loc":{"start":{"line":232,"column":4},"end":{"line":234,"column":5}},"type":"if","locations":[{"start":{"line":232,"column":4},"end":{"line":234,"column":5}},{"start":{},"end":{}}],"line":232},"38":{"loc":{"start":{"line":246,"column":16},"end":{"line":246,"column":53}},"type":"cond-expr","locations":[{"start":{"line":246,"column":28},"end":{"line":246,"column":48}},{"start":{"line":246,"column":51},"end":{"line":246,"column":53}}],"line":246},"39":{"loc":{"start":{"line":248,"column":2},"end":{"line":250,"column":3}},"type":"if","locations":[{"start":{"line":248,"column":2},"end":{"line":250,"column":3}},{"start":{},"end":{}}],"line":248},"40":{"loc":{"start":{"line":256,"column":2},"end":{"line":258,"column":3}},"type":"if","locations":[{"start":{"line":256,"column":2},"end":{"line":258,"column":3}},{"start":{},"end":{}}],"line":256},"41":{"loc":{"start":{"line":261,"column":2},"end":{"line":270,"column":3}},"type":"if","locations":[{"start":{"line":261,"column":2},"end":{"line":270,"column":3}},{"start":{},"end":{}}],"line":261},"42":{"loc":{"start":{"line":261,"column":6},"end":{"line":261,"column":26}},"type":"binary-expr","locations":[{"start":{"line":261,"column":6},"end":{"line":261,"column":15}},{"start":{"line":261,"column":19},"end":{"line":261,"column":26}}],"line":261},"43":{"loc":{"start":{"line":268,"column":13},"end":{"line":268,"column":87}},"type":"binary-expr","locations":[{"start":{"line":268,"column":14},"end":{"line":268,"column":24}},{"start":{"line":268,"column":28},"end":{"line":268,"column":49}},{"start":{"line":268,"column":55},"end":{"line":268,"column":63}},{"start":{"line":268,"column":67},"end":{"line":268,"column":86}}],"line":268},"44":{"loc":{"start":{"line":276,"column":2},"end":{"line":278,"column":3}},"type":"if","locations":[{"start":{"line":276,"column":2},"end":{"line":278,"column":3}},{"start":{},"end":{}}],"line":276}},"s":{"0":1,"1":1,"2":1,"3":0,"4":0,"5":1,"6":0,"7":0,"8":0,"9":1,"10":1,"11":1,"12":0,"13":0,"14":1,"15":2,"16":2,"17":1,"18":0,"19":0,"20":0,"21":0,"22":0,"23":0,"24":0,"25":0,"26":0,"27":0,"28":0,"29":0,"30":0,"31":0,"32":0,"33":0,"34":0,"35":0,"36":1,"37":2,"38":0,"39":0,"40":0,"41":0,"42":0,"43":0,"44":0,"45":0,"46":0,"47":1,"48":0,"49":0,"50":0,"51":0,"52":0,"53":0,"54":0,"55":0,"56":0,"57":0,"58":0,"59":0,"60":0,"61":0,"62":0,"63":0,"64":0,"65":0,"66":0,"67":0,"68":0,"69":0,"70":0,"71":0,"72":0,"73":0,"74":0,"75":0,"76":0,"77":0,"78":0,"79":0,"80":0,"81":0,"82":0,"83":0,"84":0,"85":1,"86":2,"87":2,"88":2,"89":1,"90":1,"91":1,"92":0,"93":0,"94":0,"95":0,"96":0,"97":0,"98":0,"99":1,"100":2,"101":2,"102":2,"103":2,"104":1,"105":1,"106":1,"107":1,"108":1,"109":0,"110":1,"111":2,"112":2,"113":0,"114":1,"115":2,"116":1,"117":0,"118":0,"119":0,"120":0,"121":0,"122":0,"123":0,"124":0,"125":0,"126":0,"127":0,"128":0,"129":0,"130":0,"131":0,"132":0,"133":0,"134":0,"135":0,"136":0,"137":0,"138":0,"139":0,"140":0,"141":0,"142":0,"143":0},"f":{"0":0,"1":0,"2":0,"3":1,"4":1,"5":2,"6":2,"7":0,"8":0,"9":2,"10":0,"11":0,"12":0,"13":0,"14":0,"15":0,"16":0,"17":0,"18":2,"19":0,"20":0,"21":2,"22":2,"23":1,"24":2,"25":2,"26":0,"27":0,"28":0,"29":0,"30":0,"31":0},"b":{"0":[0,0],"1":[0,1],"2":[0,0],"3":[0,0],"4":[0,0],"5":[0,0],"6":[0,0],"7":[0,0],"8":[0,0],"9":[0,0],"10":[0,0],"11":[0,0],"12":[0],"13":[0],"14":[0],"15":[0],"16":[0],"17":[0],"18":[0],"19":[0,0],"20":[0,0],"21":[0,0],"22":[0,0],"23":[0,0],"24":[0,0],"25":[0,0],"26":[0,0],"27":[0,0],"28":[0,0],"29":[0,0],"30":[0,0],"31":[1,1],"32":[0,0],"33":[0,0],"34":[1,1],"35":[0,1],"36":[1,1],"37":[0,2],"38":[0,0],"39":[0,0],"40":[0,0],"41":[0,0],"42":[0,0],"43":[0,0,0,0],"44":[0,0]},"_coverageSchema":"1a1c01bbd47fc00a2c39e90264f33305004495a9","hash":"aac4c1ccdfb8679ab19c370b044ae530064f9f89"}
,"C:\\Users\\User\\Desktop\\ES-DanielGuisado\\ProyectoNotas\\src\\utils\\logger.js": {"path":"C:\\Users\\User\\Desktop\\ES-DanielGuisado\\ProyectoNotas\\src\\utils\\logger.js","statementMap":{"0":{"start":{"line":3,"column":22},"end":{"line":14,"column":2}}},"fnMap":{},"branchMap":{},"s":{"0":1},"f":{},"b":{},"_coverageSchema":"1a1c01bbd47fc00a2c39e90264f33305004495a9","hash":"2139500f634c65ec4639fb4297ad226106533dd6"}
}
