TN:
SF:src\controllers\notasController.js
FN:16,(anonymous_0)
FN:19,(anonymous_1)
FN:26,(anonymous_2)
FN:35,(anonymous_3)
FN:36,(anonymous_4)
FN:41,(anonymous_5)
FN:41,(anonymous_6)
FN:49,(anonymous_7)
FN:58,(anonymous_8)
FN:84,(anonymous_9)
FN:95,(anonymous_10)
FN:105,(anonymous_11)
FN:120,(anonymous_12)
FN:121,(anonymous_13)
FN:134,(anonymous_14)
FN:139,(anonymous_15)
FN:146,(anonymous_16)
FN:153,(anonymous_17)
FN:184,(anonymous_18)
FN:193,(anonymous_19)
FN:199,(anonymous_20)
FN:212,(anonymous_21)
FN:216,(anonymous_22)
FN:223,(anonymous_23)
FN:230,(anonymous_24)
FN:239,(anonymous_25)
FN:244,(anonymous_26)
FN:257,(anonymous_27)
FN:265,(anonymous_28)
FN:273,(anonymous_29)
FN:274,(anonymous_30)
FN:286,(anonymous_31)
FNF:32
FNH:11
FNDA:0,(anonymous_0)
FNDA:0,(anonymous_1)
FNDA:0,(anonymous_2)
FNDA:1,(anonymous_3)
FNDA:1,(anonymous_4)
FNDA:2,(anonymous_5)
FNDA:2,(anonymous_6)
FNDA:0,(anonymous_7)
FNDA:0,(anonymous_8)
FNDA:2,(anonymous_9)
FNDA:0,(anonymous_10)
FNDA:0,(anonymous_11)
FNDA:0,(anonymous_12)
FNDA:0,(anonymous_13)
FNDA:0,(anonymous_14)
FNDA:0,(anonymous_15)
FNDA:0,(anonymous_16)
FNDA:0,(anonymous_17)
FNDA:2,(anonymous_18)
FNDA:0,(anonymous_19)
FNDA:0,(anonymous_20)
FNDA:2,(anonymous_21)
FNDA:2,(anonymous_22)
FNDA:1,(anonymous_23)
FNDA:2,(anonymous_24)
FNDA:2,(anonymous_25)
FNDA:0,(anonymous_26)
FNDA:0,(anonymous_27)
FNDA:0,(anonymous_28)
FNDA:0,(anonymous_29)
FNDA:0,(anonymous_30)
FNDA:0,(anonymous_31)
DA:9,1
DA:12,1
DA:15,1
DA:17,0
DA:20,0
DA:24,1
DA:27,0
DA:28,0
DA:30,0
DA:35,1
DA:36,1
DA:37,1
DA:38,0
DA:39,0
DA:41,2
DA:44,1
DA:45,0
DA:48,0
DA:49,0
DA:53,0
DA:54,0
DA:55,0
DA:56,0
DA:58,0
DA:59,0
DA:60,0
DA:61,0
DA:66,0
DA:67,0
DA:68,0
DA:69,0
DA:71,0
DA:73,0
DA:84,1
DA:86,2
DA:88,0
DA:90,0
DA:91,0
DA:94,0
DA:95,0
DA:96,0
DA:97,0
DA:98,0
DA:100,0
DA:105,1
DA:106,0
DA:117,0
DA:119,0
DA:120,0
DA:122,0
DA:123,0
DA:124,0
DA:125,0
DA:133,0
DA:134,0
DA:138,0
DA:139,0
DA:143,0
DA:144,0
DA:145,0
DA:146,0
DA:147,0
DA:148,0
DA:153,0
DA:154,0
DA:155,0
DA:156,0
DA:157,0
DA:158,0
DA:159,0
DA:160,0
DA:161,0
DA:162,0
DA:164,0
DA:168,0
DA:169,0
DA:170,0
DA:171,0
DA:172,0
DA:174,0
DA:184,1
DA:185,2
DA:186,2
DA:188,2
DA:189,1
DA:192,1
DA:193,1
DA:194,0
DA:195,0
DA:198,0
DA:199,0
DA:200,0
DA:201,0
DA:203,0
DA:212,1
DA:213,2
DA:214,2
DA:216,2
DA:217,2
DA:218,1
DA:223,1
DA:224,1
DA:225,1
DA:226,0
DA:230,1
DA:231,2
DA:232,2
DA:233,0
DA:237,1
DA:239,2
DA:244,1
DA:245,0
DA:246,0
DA:248,0
DA:249,0
DA:253,0
DA:256,0
DA:257,0
DA:261,0
DA:262,0
DA:263,0
DA:265,0
DA:266,0
DA:267,0
DA:268,0
DA:273,0
DA:274,0
DA:276,0
DA:277,0
DA:281,0
DA:282,0
DA:284,0
DA:286,0
DA:287,0
DA:290,0
LF:135
LH:34
BRDA:27,0,0,0
BRDA:27,0,1,0
BRDA:37,1,0,0
BRDA:37,1,1,1
BRDA:48,2,0,0
BRDA:48,2,1,0
BRDA:48,3,0,0
BRDA:48,3,1,0
BRDA:53,4,0,0
BRDA:53,4,1,0
BRDA:53,5,0,0
BRDA:53,5,1,0
BRDA:61,6,0,0
BRDA:61,6,1,0
BRDA:66,7,0,0
BRDA:66,7,1,0
BRDA:69,8,0,0
BRDA:69,8,1,0
BRDA:90,9,0,0
BRDA:90,9,1,0
BRDA:90,10,0,0
BRDA:90,10,1,0
BRDA:96,11,0,0
BRDA:96,11,1,0
BRDA:108,12,0,0
BRDA:109,13,0,0
BRDA:110,14,0,0
BRDA:111,15,0,0
BRDA:114,16,0,0
BRDA:115,17,0,0
BRDA:116,18,0,0
BRDA:133,19,0,0
BRDA:133,19,1,0
BRDA:138,20,0,0
BRDA:138,20,1,0
BRDA:143,21,0,0
BRDA:143,21,1,0
BRDA:143,22,0,0
BRDA:143,22,1,0
BRDA:144,23,0,0
BRDA:144,23,1,0
BRDA:145,24,0,0
BRDA:145,24,1,0
BRDA:148,25,0,0
BRDA:148,25,1,0
BRDA:155,26,0,0
BRDA:155,26,1,0
BRDA:157,27,0,0
BRDA:157,27,1,0
BRDA:159,28,0,0
BRDA:159,28,1,0
BRDA:161,29,0,0
BRDA:161,29,1,0
BRDA:164,30,0,0
BRDA:164,30,1,0
BRDA:188,31,0,1
BRDA:188,31,1,1
BRDA:194,32,0,0
BRDA:194,32,1,0
BRDA:200,33,0,0
BRDA:200,33,1,0
BRDA:217,34,0,1
BRDA:217,34,1,1
BRDA:225,35,0,0
BRDA:225,35,1,1
BRDA:225,36,0,1
BRDA:225,36,1,1
BRDA:232,37,0,0
BRDA:232,37,1,2
BRDA:246,38,0,0
BRDA:246,38,1,0
BRDA:248,39,0,0
BRDA:248,39,1,0
BRDA:256,40,0,0
BRDA:256,40,1,0
BRDA:261,41,0,0
BRDA:261,41,1,0
BRDA:261,42,0,0
BRDA:261,42,1,0
BRDA:268,43,0,0
BRDA:268,43,1,0
BRDA:268,43,2,0
BRDA:268,43,3,0
BRDA:276,44,0,0
BRDA:276,44,1,0
BRF:85
BRH:9
end_of_record
TN:
SF:src\utils\logger.js
FNF:0
FNH:0
DA:3,1
LF:1
LH:1
BRF:0
BRH:0
end_of_record
